# JRE version: OpenJDK Runtime Environment (21.0.2+13) (build 21.0.2+13-58)
# Java VM: OpenJDK 64-Bit Server VM (21.0.2+13-58, mixed mode, emulated-client, sharing, tiered, compressed oops, compressed class ptrs, g1 gc, linux-amd64)
GC Precious Log:
 CardTable entry size: 512
 Card Set container configuration: InlinePtr #cards 4 size 8 Array Of Cards #cards 32 size 80 Howl #buckets 8 coarsen threshold 7372 Howl Bitmap #cards 1024 size 144 coarsen threshold 921 Card regions per heap region 1 cards per card region 8192
 CPUs: 12 total, 12 available
 Memory: 31754M
 Large Page Support: Disabled
 NUMA Support: Disabled
 Compressed Oops: Enabled (Zero based)
 Heap Region Size: 4M
 Heap Min Capacity: 8M
 Heap Initial Capacity: 500M
 Heap Max Capacity: 7940M
 Pre-touch: Disabled
 Parallel Workers: 10
 Concurrent Workers: 3
 Concurrent Refinement Workers: 10
 Periodic GC: Disabled
Heap:
 garbage-first heap   total 299008K, used 107527K [0x000000060fc00000, 0x0000000800000000)
  region size 4096K, 23 young (94208K), 2 survivors (8192K)
 Metaspace       used 76702K, committed 77504K, reserved 1179648K
  class space    used 10661K, committed 11008K, reserved 1048576K
GC Heap History (20 events):
Event: 1.327 GC heap before
{Heap before GC invocations=1 (full 0):
 garbage-first heap   total 516096K, used 24142K [0x000000060fc00000, 0x0000000800000000)
  region size 4096K, 6 young (24576K), 1 survivors (4096K)
 Metaspace       used 9312K, committed 9536K, reserved 1114112K
  class space    used 1135K, committed 1216K, reserved 1048576K
}
Event: 1.331 GC heap after
{Heap after GC invocations=2 (full 0):
 garbage-first heap   total 516096K, used 9511K [0x000000060fc00000, 0x0000000800000000)
  region size 4096K, 1 young (4096K), 1 survivors (4096K)
 Metaspace       used 9312K, committed 9536K, reserved 1114112K
  class space    used 1135K, committed 1216K, reserved 1048576K
}
Event: 2.347 GC heap before
{Heap before GC invocations=2 (full 0):
 garbage-first heap   total 516096K, used 66855K [0x000000060fc00000, 0x0000000800000000)
  region size 4096K, 17 young (69632K), 1 survivors (4096K)
 Metaspace       used 21190K, committed 21504K, reserved 1114112K
  class space    used 2784K, committed 2944K, reserved 1048576K
}
Event: 2.354 GC heap after
{Heap after GC invocations=3 (full 0):
 garbage-first heap   total 516096K, used 13910K [0x000000060fc00000, 0x0000000800000000)
  region size 4096K, 2 young (8192K), 2 survivors (8192K)
 Metaspace       used 21190K, committed 21504K, reserved 1114112K
  class space    used 2784K, committed 2944K, reserved 1048576K
}
Event: 3.266 GC heap before
{Heap before GC invocations=4 (full 0):
 garbage-first heap   total 81920K, used 50774K [0x000000060fc00000, 0x0000000800000000)
  region size 4096K, 12 young (49152K), 2 survivors (8192K)
 Metaspace       used 25086K, committed 25472K, reserved 1114112K
  class space    used 3377K, committed 3520K, reserved 1048576K
}
Event: 3.273 GC heap after
{Heap after GC invocations=5 (full 0):
 garbage-first heap   total 81920K, used 16411K [0x000000060fc00000, 0x0000000800000000)
  region size 4096K, 1 young (4096K), 1 survivors (4096K)
 Metaspace       used 25086K, committed 25472K, reserved 1114112K
  class space    used 3377K, committed 3520K, reserved 1048576K
}
Event: 4.721 GC heap before
{Heap before GC invocations=5 (full 0):
 garbage-first heap   total 81920K, used 57371K [0x000000060fc00000, 0x0000000800000000)
  region size 4096K, 11 young (45056K), 1 survivors (4096K)
 Metaspace       used 30266K, committed 30784K, reserved 1114112K
  class space    used 4120K, committed 4352K, reserved 1048576K
}
Event: 4.728 GC heap after
{Heap after GC invocations=6 (full 0):
 garbage-first heap   total 81920K, used 19995K [0x000000060fc00000, 0x0000000800000000)
  region size 4096K, 2 young (8192K), 2 survivors (8192K)
 Metaspace       used 30266K, committed 30784K, reserved 1114112K
  class space    used 4120K, committed 4352K, reserved 1048576K
}
Event: 6.295 GC heap before
{Heap before GC invocations=6 (full 0):
 garbage-first heap   total 81920K, used 52763K [0x000000060fc00000, 0x0000000800000000)
  region size 4096K, 11 young (45056K), 2 survivors (8192K)
 Metaspace       used 35700K, committed 36288K, reserved 1114112K
  class space    used 4833K, committed 5120K, reserved 1048576K
}
Event: 6.300 GC heap after
{Heap after GC invocations=7 (full 0):
 garbage-first heap   total 81920K, used 22156K [0x000000060fc00000, 0x0000000800000000)
  region size 4096K, 2 young (8192K), 2 survivors (8192K)
 Metaspace       used 35700K, committed 36288K, reserved 1114112K
  class space    used 4833K, committed 5120K, reserved 1048576K
}
Event: 7.810 GC heap before
{Heap before GC invocations=8 (full 0):
 garbage-first heap   total 81920K, used 63116K [0x000000060fc00000, 0x0000000800000000)
  region size 4096K, 12 young (49152K), 2 survivors (8192K)
 Metaspace       used 43370K, committed 43904K, reserved 1114112K
  class space    used 5717K, committed 5952K, reserved 1048576K
}
Event: 7.816 GC heap after
{Heap after GC invocations=9 (full 0):
 garbage-first heap   total 81920K, used 24417K [0x000000060fc00000, 0x0000000800000000)
  region size 4096K, 2 young (8192K), 2 survivors (8192K)
 Metaspace       used 43370K, committed 43904K, reserved 1114112K
  class space    used 5717K, committed 5952K, reserved 1048576K
}
Event: 9.000 GC heap before
{Heap before GC invocations=9 (full 0):
 garbage-first heap   total 81920K, used 61281K [0x000000060fc00000, 0x0000000800000000)
  region size 4096K, 11 young (45056K), 2 survivors (8192K)
 Metaspace       used 50417K, committed 51008K, reserved 1114112K
  class space    used 6783K, committed 7040K, reserved 1048576K
}
Event: 9.005 GC heap after
{Heap after GC invocations=10 (full 0):
 garbage-first heap   total 81920K, used 26385K [0x000000060fc00000, 0x0000000800000000)
  region size 4096K, 2 young (8192K), 2 survivors (8192K)
 Metaspace       used 50417K, committed 51008K, reserved 1114112K
  class space    used 6783K, committed 7040K, reserved 1048576K
}
Event: 10.439 GC heap before
{Heap before GC invocations=10 (full 0):
 garbage-first heap   total 81920K, used 63249K [0x000000060fc00000, 0x0000000800000000)
  region size 4096K, 11 young (45056K), 2 survivors (8192K)
 Metaspace       used 59396K, committed 60032K, reserved 1114112K
  class space    used 8040K, committed 8320K, reserved 1048576K
}
Event: 10.444 GC heap after
{Heap after GC invocations=11 (full 0):
 garbage-first heap   total 81920K, used 27341K [0x000000060fc00000, 0x0000000800000000)
  region size 4096K, 2 young (8192K), 2 survivors (8192K)
 Metaspace       used 59396K, committed 60032K, reserved 1114112K
  class space    used 8040K, committed 8320K, reserved 1048576K
}
Event: 10.688 GC heap before
{Heap before GC invocations=11 (full 0):
 garbage-first heap   total 81920K, used 27341K [0x000000060fc00000, 0x0000000800000000)
  region size 4096K, 3 young (12288K), 2 survivors (8192K)
 Metaspace       used 60020K, committed 60608K, reserved 1114112K
  class space    used 8159K, committed 8448K, reserved 1048576K
}
Event: 10.694 GC heap after
{Heap after GC invocations=12 (full 0):
 garbage-first heap   total 81920K, used 27463K [0x000000060fc00000, 0x0000000800000000)
  region size 4096K, 1 young (4096K), 1 survivors (4096K)
 Metaspace       used 60020K, committed 60608K, reserved 1114112K
  class space    used 8159K, committed 8448K, reserved 1048576K
}
Event: 12.317 GC heap before
{Heap before GC invocations=13 (full 0):
 garbage-first heap   total 81920K, used 72519K [0x000000060fc00000, 0x0000000800000000)
  region size 4096K, 12 young (49152K), 1 survivors (4096K)
 Metaspace       used 66533K, committed 67200K, reserved 1114112K
  class space    used 9225K, committed 9536K, reserved 1048576K
}
Event: 12.321 GC heap after
{Heap after GC invocations=14 (full 0):
 garbage-first heap   total 299008K, used 29703K [0x000000060fc00000, 0x0000000800000000)
  region size 4096K, 2 young (8192K), 2 survivors (8192K)
 Metaspace       used 66533K, committed 67200K, reserved 1114112K
  class space    used 9225K, committed 9536K, reserved 1048576K
}

